2016-02-23 02:40:01,732 WARN org.apache.hadoop.util.NativeCodeLoader: Unable to load native-hadoop library for your platform... using builtin-java classes where applicable
2016-02-23 02:40:14,159 WARN org.apache.hadoop.util.NativeCodeLoader: Unable to load native-hadoop library for your platform... using builtin-java classes where applicable
2016-02-23 02:48:20,147 WARN org.apache.hadoop.util.NativeCodeLoader: Unable to load native-hadoop library for your platform... using builtin-java classes where applicable
2016-02-23 02:48:20,741 WARN org.apache.hadoop.conf.Configuration: session.id is deprecated. Instead, use dfs.metrics.session-id
2016-02-23 02:48:20,742 INFO org.apache.hadoop.metrics.jvm.JvmMetrics: Initializing JVM Metrics with processName=JobTracker, sessionId=
2016-02-23 02:48:20,820 WARN org.apache.hadoop.mapreduce.JobSubmitter: Use GenericOptionsParser for parsing the arguments. Applications should implement Tool for the same.
2016-02-23 02:48:20,825 WARN org.apache.hadoop.mapreduce.JobSubmitter: No job jar file set.  User classes may not be found. See Job or Job#setJar(String).
2016-02-23 02:48:20,838 INFO org.apache.hadoop.mapreduce.lib.input.FileInputFormat: Total input paths to process : 7
2016-02-23 02:48:20,900 INFO org.apache.hadoop.mapreduce.JobSubmitter: number of splits:7
2016-02-23 02:48:20,916 WARN org.apache.hadoop.conf.Configuration: mapred.reduce.tasks is deprecated. Instead, use mapreduce.job.reduces
2016-02-23 02:48:20,917 WARN org.apache.hadoop.conf.Configuration: mapred.output.value.class is deprecated. Instead, use mapreduce.job.output.value.class
2016-02-23 02:48:20,918 WARN org.apache.hadoop.conf.Configuration: mapred.mapoutput.value.class is deprecated. Instead, use mapreduce.map.output.value.class
2016-02-23 02:48:20,919 WARN org.apache.hadoop.conf.Configuration: mapreduce.map.class is deprecated. Instead, use mapreduce.job.map.class
2016-02-23 02:48:20,919 WARN org.apache.hadoop.conf.Configuration: mapred.job.name is deprecated. Instead, use mapreduce.job.name
2016-02-23 02:48:20,919 WARN org.apache.hadoop.conf.Configuration: mapreduce.reduce.class is deprecated. Instead, use mapreduce.job.reduce.class
2016-02-23 02:48:20,919 WARN org.apache.hadoop.conf.Configuration: mapreduce.inputformat.class is deprecated. Instead, use mapreduce.job.inputformat.class
2016-02-23 02:48:20,920 WARN org.apache.hadoop.conf.Configuration: mapred.input.dir is deprecated. Instead, use mapreduce.input.fileinputformat.inputdir
2016-02-23 02:48:20,920 WARN org.apache.hadoop.conf.Configuration: mapred.output.dir is deprecated. Instead, use mapreduce.output.fileoutputformat.outputdir
2016-02-23 02:48:20,920 WARN org.apache.hadoop.conf.Configuration: mapreduce.outputformat.class is deprecated. Instead, use mapreduce.job.outputformat.class
2016-02-23 02:48:20,921 WARN org.apache.hadoop.conf.Configuration: mapred.map.tasks is deprecated. Instead, use mapreduce.job.maps
2016-02-23 02:48:20,921 WARN org.apache.hadoop.conf.Configuration: mapred.output.key.class is deprecated. Instead, use mapreduce.job.output.key.class
2016-02-23 02:48:20,922 WARN org.apache.hadoop.conf.Configuration: mapred.mapoutput.key.class is deprecated. Instead, use mapreduce.map.output.key.class
2016-02-23 02:48:20,922 WARN org.apache.hadoop.conf.Configuration: mapred.working.dir is deprecated. Instead, use mapreduce.job.working.dir
2016-02-23 02:48:21,221 INFO org.apache.hadoop.mapreduce.JobSubmitter: Submitting tokens for job: job_local1404567015_0001
2016-02-23 02:48:21,598 INFO org.apache.hadoop.mapreduce.Job: The url to track the job: http://localhost:8080/
2016-02-23 02:48:21,600 INFO org.apache.hadoop.mapreduce.Job: Running job: job_local1404567015_0001
2016-02-23 02:48:21,601 INFO org.apache.hadoop.mapred.LocalJobRunner: OutputCommitter set in config null
2016-02-23 02:48:21,610 INFO org.apache.hadoop.mapred.LocalJobRunner: OutputCommitter is org.apache.hadoop.mapreduce.lib.output.FileOutputCommitter
2016-02-23 02:48:21,639 INFO org.apache.hadoop.mapred.LocalJobRunner: Waiting for map tasks
2016-02-23 02:48:21,639 INFO org.apache.hadoop.mapred.LocalJobRunner: Starting task: attempt_local1404567015_0001_m_000000_0
2016-02-23 02:48:21,700 INFO org.apache.hadoop.mapred.Task:  Using ResourceCalculatorProcessTree : [ ]
2016-02-23 02:48:21,719 INFO org.apache.hadoop.mapred.MapTask: Processing split: file:/home/trg03/workspace/MapReduce/moviedb/rating03:0+496741
2016-02-23 02:48:21,731 INFO org.apache.hadoop.mapred.MapTask: Map output collector class = org.apache.hadoop.mapred.MapTask$MapOutputBuffer
2016-02-23 02:48:21,814 INFO org.apache.hadoop.mapred.MapTask: (EQUATOR) 0 kvi 26214396(104857584)
2016-02-23 02:48:21,814 INFO org.apache.hadoop.mapred.MapTask: mapreduce.task.io.sort.mb: 100
2016-02-23 02:48:21,814 INFO org.apache.hadoop.mapred.MapTask: soft limit at 83886080
2016-02-23 02:48:21,814 INFO org.apache.hadoop.mapred.MapTask: bufstart = 0; bufvoid = 104857600
2016-02-23 02:48:21,814 INFO org.apache.hadoop.mapred.MapTask: kvstart = 26214396; length = 6553600
2016-02-23 02:48:22,480 INFO org.apache.hadoop.mapred.LocalJobRunner: 
2016-02-23 02:48:22,480 INFO org.apache.hadoop.mapred.MapTask: Starting flush of map output
2016-02-23 02:48:22,480 INFO org.apache.hadoop.mapred.MapTask: Spilling map output
2016-02-23 02:48:22,480 INFO org.apache.hadoop.mapred.MapTask: bufstart = 0; bufend = 197907; bufvoid = 104857600
2016-02-23 02:48:22,481 INFO org.apache.hadoop.mapred.MapTask: kvstart = 26214396(104857584); kvend = 26114400(104457600); length = 99997/6553600
2016-02-23 02:48:22,605 INFO org.apache.hadoop.mapreduce.Job: Job job_local1404567015_0001 running in uber mode : false
2016-02-23 02:48:22,607 INFO org.apache.hadoop.mapreduce.Job:  map 0% reduce 0%
2016-02-23 02:48:22,687 INFO org.apache.hadoop.mapred.MapTask: Finished spill 0
2016-02-23 02:48:22,690 INFO org.apache.hadoop.mapred.Task: Task:attempt_local1404567015_0001_m_000000_0 is done. And is in the process of committing
2016-02-23 02:48:22,699 INFO org.apache.hadoop.mapred.LocalJobRunner: map
2016-02-23 02:48:22,699 INFO org.apache.hadoop.mapred.Task: Task 'attempt_local1404567015_0001_m_000000_0' done.
2016-02-23 02:48:22,699 INFO org.apache.hadoop.mapred.LocalJobRunner: Finishing task: attempt_local1404567015_0001_m_000000_0
2016-02-23 02:48:22,700 INFO org.apache.hadoop.mapred.LocalJobRunner: Starting task: attempt_local1404567015_0001_m_000001_0
2016-02-23 02:48:22,702 INFO org.apache.hadoop.mapred.Task:  Using ResourceCalculatorProcessTree : [ ]
2016-02-23 02:48:22,704 INFO org.apache.hadoop.mapred.MapTask: Processing split: file:/home/trg03/workspace/MapReduce/moviedb/rating02:0+496357
2016-02-23 02:48:22,704 INFO org.apache.hadoop.mapred.MapTask: Map output collector class = org.apache.hadoop.mapred.MapTask$MapOutputBuffer
2016-02-23 02:48:22,853 INFO org.apache.hadoop.mapred.MapTask: (EQUATOR) 0 kvi 26214396(104857584)
2016-02-23 02:48:22,854 INFO org.apache.hadoop.mapred.MapTask: mapreduce.task.io.sort.mb: 100
2016-02-23 02:48:22,854 INFO org.apache.hadoop.mapred.MapTask: soft limit at 83886080
2016-02-23 02:48:22,854 INFO org.apache.hadoop.mapred.MapTask: bufstart = 0; bufvoid = 104857600
2016-02-23 02:48:22,854 INFO org.apache.hadoop.mapred.MapTask: kvstart = 26214396; length = 6553600
2016-02-23 02:48:23,038 INFO org.apache.hadoop.mapred.LocalJobRunner: 
2016-02-23 02:48:23,039 INFO org.apache.hadoop.mapred.MapTask: Starting flush of map output
2016-02-23 02:48:23,039 INFO org.apache.hadoop.mapred.MapTask: Spilling map output
2016-02-23 02:48:23,039 INFO org.apache.hadoop.mapred.MapTask: bufstart = 0; bufend = 197803; bufvoid = 104857600
2016-02-23 02:48:23,039 INFO org.apache.hadoop.mapred.MapTask: kvstart = 26214396(104857584); kvend = 26114400(104457600); length = 99997/6553600
2016-02-23 02:48:23,082 INFO org.apache.hadoop.mapred.MapTask: Finished spill 0
2016-02-23 02:48:23,086 INFO org.apache.hadoop.mapred.Task: Task:attempt_local1404567015_0001_m_000001_0 is done. And is in the process of committing
2016-02-23 02:48:23,088 INFO org.apache.hadoop.mapred.LocalJobRunner: map
2016-02-23 02:48:23,089 INFO org.apache.hadoop.mapred.Task: Task 'attempt_local1404567015_0001_m_000001_0' done.
2016-02-23 02:48:23,089 INFO org.apache.hadoop.mapred.LocalJobRunner: Finishing task: attempt_local1404567015_0001_m_000001_0
2016-02-23 02:48:23,089 INFO org.apache.hadoop.mapred.LocalJobRunner: Starting task: attempt_local1404567015_0001_m_000002_0
2016-02-23 02:48:23,091 INFO org.apache.hadoop.mapred.Task:  Using ResourceCalculatorProcessTree : [ ]
2016-02-23 02:48:23,093 INFO org.apache.hadoop.mapred.MapTask: Processing split: file:/home/trg03/workspace/MapReduce/moviedb/rating01:0+494902
2016-02-23 02:48:23,093 INFO org.apache.hadoop.mapred.MapTask: Map output collector class = org.apache.hadoop.mapred.MapTask$MapOutputBuffer
2016-02-23 02:48:23,332 INFO org.apache.hadoop.mapred.MapTask: (EQUATOR) 0 kvi 26214396(104857584)
2016-02-23 02:48:23,333 INFO org.apache.hadoop.mapred.MapTask: mapreduce.task.io.sort.mb: 100
2016-02-23 02:48:23,335 INFO org.apache.hadoop.mapred.MapTask: soft limit at 83886080
2016-02-23 02:48:23,335 INFO org.apache.hadoop.mapred.MapTask: bufstart = 0; bufvoid = 104857600
2016-02-23 02:48:23,335 INFO org.apache.hadoop.mapred.MapTask: kvstart = 26214396; length = 6553600
2016-02-23 02:48:23,407 INFO org.apache.hadoop.mapred.LocalJobRunner: 
2016-02-23 02:48:23,407 INFO org.apache.hadoop.mapred.MapTask: Starting flush of map output
2016-02-23 02:48:23,407 INFO org.apache.hadoop.mapred.MapTask: Spilling map output
2016-02-23 02:48:23,407 INFO org.apache.hadoop.mapred.MapTask: bufstart = 0; bufend = 197923; bufvoid = 104857600
2016-02-23 02:48:23,408 INFO org.apache.hadoop.mapred.MapTask: kvstart = 26214396(104857584); kvend = 26114400(104457600); length = 99997/6553600
2016-02-23 02:48:23,437 INFO org.apache.hadoop.mapred.MapTask: Finished spill 0
2016-02-23 02:48:23,441 INFO org.apache.hadoop.mapred.Task: Task:attempt_local1404567015_0001_m_000002_0 is done. And is in the process of committing
2016-02-23 02:48:23,443 INFO org.apache.hadoop.mapred.LocalJobRunner: map
2016-02-23 02:48:23,443 INFO org.apache.hadoop.mapred.Task: Task 'attempt_local1404567015_0001_m_000002_0' done.
2016-02-23 02:48:23,443 INFO org.apache.hadoop.mapred.LocalJobRunner: Finishing task: attempt_local1404567015_0001_m_000002_0
2016-02-23 02:48:23,444 INFO org.apache.hadoop.mapred.LocalJobRunner: Starting task: attempt_local1404567015_0001_m_000003_0
2016-02-23 02:48:23,446 INFO org.apache.hadoop.mapred.Task:  Using ResourceCalculatorProcessTree : [ ]
2016-02-23 02:48:23,447 INFO org.apache.hadoop.mapred.MapTask: Processing split: file:/home/trg03/workspace/MapReduce/moviedb/rating00:0+491172
2016-02-23 02:48:23,448 INFO org.apache.hadoop.mapred.MapTask: Map output collector class = org.apache.hadoop.mapred.MapTask$MapOutputBuffer
2016-02-23 02:48:23,610 INFO org.apache.hadoop.mapreduce.Job:  map 100% reduce 0%
2016-02-23 02:48:23,682 INFO org.apache.hadoop.mapred.MapTask: (EQUATOR) 0 kvi 26214396(104857584)
2016-02-23 02:48:23,682 INFO org.apache.hadoop.mapred.MapTask: mapreduce.task.io.sort.mb: 100
2016-02-23 02:48:23,682 INFO org.apache.hadoop.mapred.MapTask: soft limit at 83886080
2016-02-23 02:48:23,682 INFO org.apache.hadoop.mapred.MapTask: bufstart = 0; bufvoid = 104857600
2016-02-23 02:48:23,683 INFO org.apache.hadoop.mapred.MapTask: kvstart = 26214396; length = 6553600
2016-02-23 02:48:23,757 INFO org.apache.hadoop.mapred.LocalJobRunner: 
2016-02-23 02:48:23,757 INFO org.apache.hadoop.mapred.MapTask: Starting flush of map output
2016-02-23 02:48:23,757 INFO org.apache.hadoop.mapred.MapTask: Spilling map output
2016-02-23 02:48:23,757 INFO org.apache.hadoop.mapred.MapTask: bufstart = 0; bufend = 197782; bufvoid = 104857600
2016-02-23 02:48:23,757 INFO org.apache.hadoop.mapred.MapTask: kvstart = 26214396(104857584); kvend = 26114400(104457600); length = 99997/6553600
2016-02-23 02:48:23,785 INFO org.apache.hadoop.mapred.MapTask: Finished spill 0
2016-02-23 02:48:23,788 INFO org.apache.hadoop.mapred.Task: Task:attempt_local1404567015_0001_m_000003_0 is done. And is in the process of committing
2016-02-23 02:48:23,790 INFO org.apache.hadoop.mapred.LocalJobRunner: map
2016-02-23 02:48:23,790 INFO org.apache.hadoop.mapred.Task: Task 'attempt_local1404567015_0001_m_000003_0' done.
2016-02-23 02:48:23,790 INFO org.apache.hadoop.mapred.LocalJobRunner: Finishing task: attempt_local1404567015_0001_m_000003_0
2016-02-23 02:48:23,790 INFO org.apache.hadoop.mapred.LocalJobRunner: Starting task: attempt_local1404567015_0001_m_000004_0
2016-02-23 02:48:23,792 INFO org.apache.hadoop.mapred.Task:  Using ResourceCalculatorProcessTree : [ ]
2016-02-23 02:48:23,794 INFO org.apache.hadoop.mapred.MapTask: Processing split: file:/home/trg03/workspace/MapReduce/moviedb/u.item:0+236344
2016-02-23 02:48:23,794 INFO org.apache.hadoop.mapred.MapTask: Map output collector class = org.apache.hadoop.mapred.MapTask$MapOutputBuffer
2016-02-23 02:48:24,271 INFO org.apache.hadoop.mapred.MapTask: (EQUATOR) 0 kvi 26214396(104857584)
2016-02-23 02:48:24,271 INFO org.apache.hadoop.mapred.MapTask: mapreduce.task.io.sort.mb: 100
2016-02-23 02:48:24,271 INFO org.apache.hadoop.mapred.MapTask: soft limit at 83886080
2016-02-23 02:48:24,271 INFO org.apache.hadoop.mapred.MapTask: bufstart = 0; bufvoid = 104857600
2016-02-23 02:48:24,272 INFO org.apache.hadoop.mapred.MapTask: kvstart = 26214396; length = 6553600
2016-02-23 02:48:24,325 INFO org.apache.hadoop.mapred.LocalJobRunner: Starting task: attempt_local1404567015_0001_m_000005_0
2016-02-23 02:48:24,327 INFO org.apache.hadoop.mapred.Task:  Using ResourceCalculatorProcessTree : [ ]
2016-02-23 02:48:24,586 INFO org.apache.hadoop.mapred.MapTask: Processing split: file:/home/trg03/workspace/MapReduce/moviedb/u.user:0+22627
2016-02-23 02:48:24,587 INFO org.apache.hadoop.mapred.MapTask: Map output collector class = org.apache.hadoop.mapred.MapTask$MapOutputBuffer
2016-02-23 02:48:25,042 INFO org.apache.hadoop.mapred.MapTask: (EQUATOR) 0 kvi 26214396(104857584)
2016-02-23 02:48:25,042 INFO org.apache.hadoop.mapred.MapTask: mapreduce.task.io.sort.mb: 100
2016-02-23 02:48:25,042 INFO org.apache.hadoop.mapred.MapTask: soft limit at 83886080
2016-02-23 02:48:25,042 INFO org.apache.hadoop.mapred.MapTask: bufstart = 0; bufvoid = 104857600
2016-02-23 02:48:25,042 INFO org.apache.hadoop.mapred.MapTask: kvstart = 26214396; length = 6553600
2016-02-23 02:48:25,122 INFO org.apache.hadoop.mapred.LocalJobRunner: Starting task: attempt_local1404567015_0001_m_000006_0
2016-02-23 02:48:25,124 INFO org.apache.hadoop.mapred.Task:  Using ResourceCalculatorProcessTree : [ ]
2016-02-23 02:48:25,126 INFO org.apache.hadoop.mapred.MapTask: Processing split: file:/home/trg03/workspace/MapReduce/moviedb/u.genre:0+202
2016-02-23 02:48:25,127 INFO org.apache.hadoop.mapred.MapTask: Map output collector class = org.apache.hadoop.mapred.MapTask$MapOutputBuffer
2016-02-23 02:48:25,409 INFO org.apache.hadoop.mapred.MapTask: (EQUATOR) 0 kvi 26214396(104857584)
2016-02-23 02:48:25,410 INFO org.apache.hadoop.mapred.MapTask: mapreduce.task.io.sort.mb: 100
2016-02-23 02:48:25,410 INFO org.apache.hadoop.mapred.MapTask: soft limit at 83886080
2016-02-23 02:48:25,411 INFO org.apache.hadoop.mapred.MapTask: bufstart = 0; bufvoid = 104857600
2016-02-23 02:48:25,411 INFO org.apache.hadoop.mapred.MapTask: kvstart = 26214396; length = 6553600
2016-02-23 02:48:25,431 INFO org.apache.hadoop.mapred.LocalJobRunner: Map task executor complete.
2016-02-23 02:48:25,435 WARN org.apache.hadoop.mapred.LocalJobRunner: job_local1404567015_0001
java.lang.Exception: java.lang.ArrayIndexOutOfBoundsException: 1
	at org.apache.hadoop.mapred.LocalJobRunner$Job.run(LocalJobRunner.java:401)
Caused by: java.lang.ArrayIndexOutOfBoundsException: 1
	at trg.hadoop.movieDB.RatingMapper.map(RatingMapper.java:27)
	at trg.hadoop.movieDB.RatingMapper.map(RatingMapper.java:1)
	at org.apache.hadoop.mapreduce.Mapper.run(Mapper.java:144)
	at org.apache.hadoop.mapred.MapTask.runNewMapper(MapTask.java:756)
	at org.apache.hadoop.mapred.MapTask.run(MapTask.java:338)
	at org.apache.hadoop.mapred.LocalJobRunner$Job$MapTaskRunnable.run(LocalJobRunner.java:233)
	at java.util.concurrent.Executors$RunnableAdapter.call(Executors.java:471)
	at java.util.concurrent.FutureTask.run(FutureTask.java:262)
	at java.util.concurrent.ThreadPoolExecutor.runWorker(ThreadPoolExecutor.java:1145)
	at java.util.concurrent.ThreadPoolExecutor$Worker.run(ThreadPoolExecutor.java:615)
	at java.lang.Thread.run(Thread.java:745)
2016-02-23 02:48:25,613 INFO org.apache.hadoop.mapreduce.Job: Job job_local1404567015_0001 failed with state FAILED due to: NA
2016-02-23 02:48:25,639 INFO org.apache.hadoop.mapreduce.Job: Counters: 22
	File System Counters
		FILE: Number of bytes read=4966011
		FILE: Number of bytes written=3173317
		FILE: Number of read operations=0
		FILE: Number of large read operations=0
		FILE: Number of write operations=0
	Map-Reduce Framework
		Map input records=100000
		Map output records=100000
		Map output bytes=791415
		Map output materialized bytes=991439
		Input split bytes=472
		Combine input records=0
		Spilled Records=100000
		Failed Shuffles=0
		Merged Map outputs=0
		GC time elapsed (ms)=62
		CPU time spent (ms)=0
		Physical memory (bytes) snapshot=0
		Virtual memory (bytes) snapshot=0
		Total committed heap usage (bytes)=1376256000
	File Input Format Counters 
		Bytes Read=1979172
	trg.hadoop.movieDB.RatingMapper$Rating
		rating_ge_3=82520
		rating_lt_3=17480
2016-02-23 02:49:21,581 WARN org.apache.hadoop.util.NativeCodeLoader: Unable to load native-hadoop library for your platform... using builtin-java classes where applicable
2016-02-23 02:49:22,001 WARN org.apache.hadoop.conf.Configuration: session.id is deprecated. Instead, use dfs.metrics.session-id
2016-02-23 02:49:22,004 INFO org.apache.hadoop.metrics.jvm.JvmMetrics: Initializing JVM Metrics with processName=JobTracker, sessionId=
2016-02-23 02:49:22,071 WARN org.apache.hadoop.mapreduce.JobSubmitter: Use GenericOptionsParser for parsing the arguments. Applications should implement Tool for the same.
2016-02-23 02:49:22,075 WARN org.apache.hadoop.mapreduce.JobSubmitter: No job jar file set.  User classes may not be found. See Job or Job#setJar(String).
2016-02-23 02:49:22,089 INFO org.apache.hadoop.mapreduce.lib.input.FileInputFormat: Total input paths to process : 7
2016-02-23 02:49:22,146 INFO org.apache.hadoop.mapreduce.JobSubmitter: number of splits:7
2016-02-23 02:49:22,165 WARN org.apache.hadoop.conf.Configuration: mapred.reduce.tasks is deprecated. Instead, use mapreduce.job.reduces
2016-02-23 02:49:22,166 WARN org.apache.hadoop.conf.Configuration: mapred.output.value.class is deprecated. Instead, use mapreduce.job.output.value.class
2016-02-23 02:49:22,167 WARN org.apache.hadoop.conf.Configuration: mapred.mapoutput.value.class is deprecated. Instead, use mapreduce.map.output.value.class
2016-02-23 02:49:22,168 WARN org.apache.hadoop.conf.Configuration: mapreduce.map.class is deprecated. Instead, use mapreduce.job.map.class
2016-02-23 02:49:22,168 WARN org.apache.hadoop.conf.Configuration: mapred.job.name is deprecated. Instead, use mapreduce.job.name
2016-02-23 02:49:22,168 WARN org.apache.hadoop.conf.Configuration: mapreduce.reduce.class is deprecated. Instead, use mapreduce.job.reduce.class
2016-02-23 02:49:22,169 WARN org.apache.hadoop.conf.Configuration: mapreduce.inputformat.class is deprecated. Instead, use mapreduce.job.inputformat.class
2016-02-23 02:49:22,169 WARN org.apache.hadoop.conf.Configuration: mapred.input.dir is deprecated. Instead, use mapreduce.input.fileinputformat.inputdir
2016-02-23 02:49:22,169 WARN org.apache.hadoop.conf.Configuration: mapred.output.dir is deprecated. Instead, use mapreduce.output.fileoutputformat.outputdir
2016-02-23 02:49:22,169 WARN org.apache.hadoop.conf.Configuration: mapreduce.outputformat.class is deprecated. Instead, use mapreduce.job.outputformat.class
2016-02-23 02:49:22,170 WARN org.apache.hadoop.conf.Configuration: mapred.map.tasks is deprecated. Instead, use mapreduce.job.maps
2016-02-23 02:49:22,170 WARN org.apache.hadoop.conf.Configuration: mapred.output.key.class is deprecated. Instead, use mapreduce.job.output.key.class
2016-02-23 02:49:22,171 WARN org.apache.hadoop.conf.Configuration: mapred.mapoutput.key.class is deprecated. Instead, use mapreduce.map.output.key.class
2016-02-23 02:49:22,171 WARN org.apache.hadoop.conf.Configuration: mapred.working.dir is deprecated. Instead, use mapreduce.job.working.dir
2016-02-23 02:49:22,422 INFO org.apache.hadoop.mapreduce.JobSubmitter: Submitting tokens for job: job_local1437818090_0001
2016-02-23 02:49:22,690 INFO org.apache.hadoop.mapreduce.Job: The url to track the job: http://localhost:8080/
2016-02-23 02:49:22,692 INFO org.apache.hadoop.mapred.LocalJobRunner: OutputCommitter set in config null
2016-02-23 02:49:22,692 INFO org.apache.hadoop.mapreduce.Job: Running job: job_local1437818090_0001
2016-02-23 02:49:22,704 INFO org.apache.hadoop.mapred.LocalJobRunner: OutputCommitter is org.apache.hadoop.mapreduce.lib.output.FileOutputCommitter
2016-02-23 02:49:22,725 INFO org.apache.hadoop.mapred.LocalJobRunner: Waiting for map tasks
2016-02-23 02:49:22,726 INFO org.apache.hadoop.mapred.LocalJobRunner: Starting task: attempt_local1437818090_0001_m_000000_0
2016-02-23 02:49:22,787 INFO org.apache.hadoop.mapred.Task:  Using ResourceCalculatorProcessTree : [ ]
2016-02-23 02:49:22,792 INFO org.apache.hadoop.mapred.MapTask: Processing split: file:/home/trg03/workspace/MapReduce/moviedb/rating03:0+496741
2016-02-23 02:49:22,805 INFO org.apache.hadoop.mapred.MapTask: Map output collector class = org.apache.hadoop.mapred.MapTask$MapOutputBuffer
2016-02-23 02:49:22,838 INFO org.apache.hadoop.mapred.MapTask: (EQUATOR) 0 kvi 26214396(104857584)
2016-02-23 02:49:22,838 INFO org.apache.hadoop.mapred.MapTask: mapreduce.task.io.sort.mb: 100
2016-02-23 02:49:22,838 INFO org.apache.hadoop.mapred.MapTask: soft limit at 83886080
2016-02-23 02:49:22,839 INFO org.apache.hadoop.mapred.MapTask: bufstart = 0; bufvoid = 104857600
2016-02-23 02:49:22,839 INFO org.apache.hadoop.mapred.MapTask: kvstart = 26214396; length = 6553600
2016-02-23 02:49:23,511 INFO org.apache.hadoop.mapred.LocalJobRunner: 
2016-02-23 02:49:23,512 INFO org.apache.hadoop.mapred.MapTask: Starting flush of map output
2016-02-23 02:49:23,512 INFO org.apache.hadoop.mapred.MapTask: Spilling map output
2016-02-23 02:49:23,512 INFO org.apache.hadoop.mapred.MapTask: bufstart = 0; bufend = 197907; bufvoid = 104857600
2016-02-23 02:49:23,512 INFO org.apache.hadoop.mapred.MapTask: kvstart = 26214396(104857584); kvend = 26114400(104457600); length = 99997/6553600
2016-02-23 02:49:23,696 INFO org.apache.hadoop.mapreduce.Job: Job job_local1437818090_0001 running in uber mode : false
2016-02-23 02:49:23,698 INFO org.apache.hadoop.mapreduce.Job:  map 0% reduce 0%
2016-02-23 02:49:23,710 INFO org.apache.hadoop.mapred.MapTask: Finished spill 0
2016-02-23 02:49:23,713 INFO org.apache.hadoop.mapred.Task: Task:attempt_local1437818090_0001_m_000000_0 is done. And is in the process of committing
2016-02-23 02:49:23,722 INFO org.apache.hadoop.mapred.LocalJobRunner: map
2016-02-23 02:49:23,722 INFO org.apache.hadoop.mapred.Task: Task 'attempt_local1437818090_0001_m_000000_0' done.
2016-02-23 02:49:23,722 INFO org.apache.hadoop.mapred.LocalJobRunner: Finishing task: attempt_local1437818090_0001_m_000000_0
2016-02-23 02:49:23,723 INFO org.apache.hadoop.mapred.LocalJobRunner: Starting task: attempt_local1437818090_0001_m_000001_0
2016-02-23 02:49:23,725 INFO org.apache.hadoop.mapred.Task:  Using ResourceCalculatorProcessTree : [ ]
2016-02-23 02:49:23,726 INFO org.apache.hadoop.mapred.MapTask: Processing split: file:/home/trg03/workspace/MapReduce/moviedb/rating02:0+496357
2016-02-23 02:49:23,727 INFO org.apache.hadoop.mapred.MapTask: Map output collector class = org.apache.hadoop.mapred.MapTask$MapOutputBuffer
2016-02-23 02:49:23,766 INFO org.apache.hadoop.mapred.MapTask: (EQUATOR) 0 kvi 26214396(104857584)
2016-02-23 02:49:23,766 INFO org.apache.hadoop.mapred.MapTask: mapreduce.task.io.sort.mb: 100
2016-02-23 02:49:23,766 INFO org.apache.hadoop.mapred.MapTask: soft limit at 83886080
2016-02-23 02:49:23,766 INFO org.apache.hadoop.mapred.MapTask: bufstart = 0; bufvoid = 104857600
2016-02-23 02:49:23,766 INFO org.apache.hadoop.mapred.MapTask: kvstart = 26214396; length = 6553600
2016-02-23 02:49:23,833 INFO org.apache.hadoop.mapred.LocalJobRunner: 
2016-02-23 02:49:23,834 INFO org.apache.hadoop.mapred.MapTask: Starting flush of map output
2016-02-23 02:49:23,834 INFO org.apache.hadoop.mapred.MapTask: Spilling map output
2016-02-23 02:49:23,834 INFO org.apache.hadoop.mapred.MapTask: bufstart = 0; bufend = 197803; bufvoid = 104857600
2016-02-23 02:49:23,834 INFO org.apache.hadoop.mapred.MapTask: kvstart = 26214396(104857584); kvend = 26114400(104457600); length = 99997/6553600
2016-02-23 02:49:23,881 INFO org.apache.hadoop.mapred.MapTask: Finished spill 0
2016-02-23 02:49:23,884 INFO org.apache.hadoop.mapred.Task: Task:attempt_local1437818090_0001_m_000001_0 is done. And is in the process of committing
2016-02-23 02:49:23,885 INFO org.apache.hadoop.mapred.LocalJobRunner: map
2016-02-23 02:49:23,885 INFO org.apache.hadoop.mapred.Task: Task 'attempt_local1437818090_0001_m_000001_0' done.
2016-02-23 02:49:23,886 INFO org.apache.hadoop.mapred.LocalJobRunner: Finishing task: attempt_local1437818090_0001_m_000001_0
2016-02-23 02:49:23,886 INFO org.apache.hadoop.mapred.LocalJobRunner: Starting task: attempt_local1437818090_0001_m_000002_0
2016-02-23 02:49:23,888 INFO org.apache.hadoop.mapred.Task:  Using ResourceCalculatorProcessTree : [ ]
2016-02-23 02:49:23,889 INFO org.apache.hadoop.mapred.MapTask: Processing split: file:/home/trg03/workspace/MapReduce/moviedb/rating01:0+494902
2016-02-23 02:49:23,890 INFO org.apache.hadoop.mapred.MapTask: Map output collector class = org.apache.hadoop.mapred.MapTask$MapOutputBuffer
2016-02-23 02:49:23,925 INFO org.apache.hadoop.mapred.MapTask: (EQUATOR) 0 kvi 26214396(104857584)
2016-02-23 02:49:23,926 INFO org.apache.hadoop.mapred.MapTask: mapreduce.task.io.sort.mb: 100
2016-02-23 02:49:23,926 INFO org.apache.hadoop.mapred.MapTask: soft limit at 83886080
2016-02-23 02:49:23,926 INFO org.apache.hadoop.mapred.MapTask: bufstart = 0; bufvoid = 104857600
2016-02-23 02:49:23,926 INFO org.apache.hadoop.mapred.MapTask: kvstart = 26214396; length = 6553600
2016-02-23 02:49:23,975 INFO org.apache.hadoop.mapred.LocalJobRunner: 
2016-02-23 02:49:23,975 INFO org.apache.hadoop.mapred.MapTask: Starting flush of map output
2016-02-23 02:49:23,975 INFO org.apache.hadoop.mapred.MapTask: Spilling map output
2016-02-23 02:49:23,975 INFO org.apache.hadoop.mapred.MapTask: bufstart = 0; bufend = 197923; bufvoid = 104857600
2016-02-23 02:49:23,976 INFO org.apache.hadoop.mapred.MapTask: kvstart = 26214396(104857584); kvend = 26114400(104457600); length = 99997/6553600
2016-02-23 02:49:24,007 INFO org.apache.hadoop.mapred.MapTask: Finished spill 0
2016-02-23 02:49:24,009 INFO org.apache.hadoop.mapred.Task: Task:attempt_local1437818090_0001_m_000002_0 is done. And is in the process of committing
2016-02-23 02:49:24,011 INFO org.apache.hadoop.mapred.LocalJobRunner: map
2016-02-23 02:49:24,011 INFO org.apache.hadoop.mapred.Task: Task 'attempt_local1437818090_0001_m_000002_0' done.
2016-02-23 02:49:24,011 INFO org.apache.hadoop.mapred.LocalJobRunner: Finishing task: attempt_local1437818090_0001_m_000002_0
2016-02-23 02:49:24,011 INFO org.apache.hadoop.mapred.LocalJobRunner: Starting task: attempt_local1437818090_0001_m_000003_0
2016-02-23 02:49:24,013 INFO org.apache.hadoop.mapred.Task:  Using ResourceCalculatorProcessTree : [ ]
2016-02-23 02:49:24,014 INFO org.apache.hadoop.mapred.MapTask: Processing split: file:/home/trg03/workspace/MapReduce/moviedb/rating00:0+491172
2016-02-23 02:49:24,015 INFO org.apache.hadoop.mapred.MapTask: Map output collector class = org.apache.hadoop.mapred.MapTask$MapOutputBuffer
2016-02-23 02:49:24,150 INFO org.apache.hadoop.mapred.MapTask: (EQUATOR) 0 kvi 26214396(104857584)
2016-02-23 02:49:24,150 INFO org.apache.hadoop.mapred.MapTask: mapreduce.task.io.sort.mb: 100
2016-02-23 02:49:24,150 INFO org.apache.hadoop.mapred.MapTask: soft limit at 83886080
2016-02-23 02:49:24,150 INFO org.apache.hadoop.mapred.MapTask: bufstart = 0; bufvoid = 104857600
2016-02-23 02:49:24,150 INFO org.apache.hadoop.mapred.MapTask: kvstart = 26214396; length = 6553600
2016-02-23 02:49:24,219 INFO org.apache.hadoop.mapred.LocalJobRunner: 
2016-02-23 02:49:24,219 INFO org.apache.hadoop.mapred.MapTask: Starting flush of map output
2016-02-23 02:49:24,219 INFO org.apache.hadoop.mapred.MapTask: Spilling map output
2016-02-23 02:49:24,219 INFO org.apache.hadoop.mapred.MapTask: bufstart = 0; bufend = 197782; bufvoid = 104857600
2016-02-23 02:49:24,219 INFO org.apache.hadoop.mapred.MapTask: kvstart = 26214396(104857584); kvend = 26114400(104457600); length = 99997/6553600
2016-02-23 02:49:24,252 INFO org.apache.hadoop.mapred.MapTask: Finished spill 0
2016-02-23 02:49:24,254 INFO org.apache.hadoop.mapred.Task: Task:attempt_local1437818090_0001_m_000003_0 is done. And is in the process of committing
2016-02-23 02:49:24,256 INFO org.apache.hadoop.mapred.LocalJobRunner: map
2016-02-23 02:49:24,256 INFO org.apache.hadoop.mapred.Task: Task 'attempt_local1437818090_0001_m_000003_0' done.
2016-02-23 02:49:24,256 INFO org.apache.hadoop.mapred.LocalJobRunner: Finishing task: attempt_local1437818090_0001_m_000003_0
2016-02-23 02:49:24,256 INFO org.apache.hadoop.mapred.LocalJobRunner: Starting task: attempt_local1437818090_0001_m_000004_0
2016-02-23 02:49:24,258 INFO org.apache.hadoop.mapred.Task:  Using ResourceCalculatorProcessTree : [ ]
2016-02-23 02:49:24,260 INFO org.apache.hadoop.mapred.MapTask: Processing split: file:/home/trg03/workspace/MapReduce/moviedb/u.item:0+236344
2016-02-23 02:49:24,261 INFO org.apache.hadoop.mapred.MapTask: Map output collector class = org.apache.hadoop.mapred.MapTask$MapOutputBuffer
2016-02-23 02:49:24,409 INFO org.apache.hadoop.mapred.MapTask: (EQUATOR) 0 kvi 26214396(104857584)
2016-02-23 02:49:24,409 INFO org.apache.hadoop.mapred.MapTask: mapreduce.task.io.sort.mb: 100
2016-02-23 02:49:24,409 INFO org.apache.hadoop.mapred.MapTask: soft limit at 83886080
2016-02-23 02:49:24,409 INFO org.apache.hadoop.mapred.MapTask: bufstart = 0; bufvoid = 104857600
2016-02-23 02:49:24,409 INFO org.apache.hadoop.mapred.MapTask: kvstart = 26214396; length = 6553600
2016-02-23 02:49:24,412 INFO org.apache.hadoop.mapred.LocalJobRunner: Starting task: attempt_local1437818090_0001_m_000005_0
2016-02-23 02:49:24,414 INFO org.apache.hadoop.mapred.Task:  Using ResourceCalculatorProcessTree : [ ]
2016-02-23 02:49:24,421 INFO org.apache.hadoop.mapred.MapTask: Processing split: file:/home/trg03/workspace/MapReduce/moviedb/u.user:0+22627
2016-02-23 02:49:24,422 INFO org.apache.hadoop.mapred.MapTask: Map output collector class = org.apache.hadoop.mapred.MapTask$MapOutputBuffer
2016-02-23 02:49:24,698 INFO org.apache.hadoop.mapred.MapTask: (EQUATOR) 0 kvi 26214396(104857584)
2016-02-23 02:49:24,701 INFO org.apache.hadoop.mapreduce.Job:  map 100% reduce 0%
2016-02-23 02:49:24,742 INFO org.apache.hadoop.mapred.MapTask: mapreduce.task.io.sort.mb: 100
2016-02-23 02:49:24,743 INFO org.apache.hadoop.mapred.MapTask: soft limit at 83886080
2016-02-23 02:49:24,743 INFO org.apache.hadoop.mapred.MapTask: bufstart = 0; bufvoid = 104857600
2016-02-23 02:49:24,743 INFO org.apache.hadoop.mapred.MapTask: kvstart = 26214396; length = 6553600
2016-02-23 02:49:24,804 INFO org.apache.hadoop.mapred.LocalJobRunner: Starting task: attempt_local1437818090_0001_m_000006_0
2016-02-23 02:49:24,807 INFO org.apache.hadoop.mapred.Task:  Using ResourceCalculatorProcessTree : [ ]
2016-02-23 02:49:24,808 INFO org.apache.hadoop.mapred.MapTask: Processing split: file:/home/trg03/workspace/MapReduce/moviedb/u.genre:0+202
2016-02-23 02:49:24,809 INFO org.apache.hadoop.mapred.MapTask: Map output collector class = org.apache.hadoop.mapred.MapTask$MapOutputBuffer
2016-02-23 02:49:25,070 INFO org.apache.hadoop.mapred.MapTask: (EQUATOR) 0 kvi 26214396(104857584)
2016-02-23 02:49:25,071 INFO org.apache.hadoop.mapred.MapTask: mapreduce.task.io.sort.mb: 100
2016-02-23 02:49:25,071 INFO org.apache.hadoop.mapred.MapTask: soft limit at 83886080
2016-02-23 02:49:25,071 INFO org.apache.hadoop.mapred.MapTask: bufstart = 0; bufvoid = 104857600
2016-02-23 02:49:25,071 INFO org.apache.hadoop.mapred.MapTask: kvstart = 26214396; length = 6553600
2016-02-23 02:49:25,075 INFO org.apache.hadoop.mapred.LocalJobRunner: Map task executor complete.
2016-02-23 02:49:25,077 WARN org.apache.hadoop.mapred.LocalJobRunner: job_local1437818090_0001
java.lang.Exception: java.lang.ArrayIndexOutOfBoundsException: 1
	at org.apache.hadoop.mapred.LocalJobRunner$Job.run(LocalJobRunner.java:401)
Caused by: java.lang.ArrayIndexOutOfBoundsException: 1
	at trg.hadoop.movieDB.RatingMapper.map(RatingMapper.java:27)
	at trg.hadoop.movieDB.RatingMapper.map(RatingMapper.java:1)
	at org.apache.hadoop.mapreduce.Mapper.run(Mapper.java:144)
	at org.apache.hadoop.mapred.MapTask.runNewMapper(MapTask.java:756)
	at org.apache.hadoop.mapred.MapTask.run(MapTask.java:338)
	at org.apache.hadoop.mapred.LocalJobRunner$Job$MapTaskRunnable.run(LocalJobRunner.java:233)
	at java.util.concurrent.Executors$RunnableAdapter.call(Executors.java:471)
	at java.util.concurrent.FutureTask.run(FutureTask.java:262)
	at java.util.concurrent.ThreadPoolExecutor.runWorker(ThreadPoolExecutor.java:1145)
	at java.util.concurrent.ThreadPoolExecutor$Worker.run(ThreadPoolExecutor.java:615)
	at java.lang.Thread.run(Thread.java:745)
2016-02-23 02:49:25,744 INFO org.apache.hadoop.mapreduce.Job: Job job_local1437818090_0001 failed with state FAILED due to: NA
2016-02-23 02:49:25,768 INFO org.apache.hadoop.mapreduce.Job: Counters: 22
	File System Counters
		FILE: Number of bytes read=4966011
		FILE: Number of bytes written=3173341
		FILE: Number of read operations=0
		FILE: Number of large read operations=0
		FILE: Number of write operations=0
	Map-Reduce Framework
		Map input records=100000
		Map output records=100000
		Map output bytes=791415
		Map output materialized bytes=991439
		Input split bytes=472
		Combine input records=0
		Spilled Records=100000
		Failed Shuffles=0
		Merged Map outputs=0
		GC time elapsed (ms)=38
		CPU time spent (ms)=0
		Physical memory (bytes) snapshot=0
		Virtual memory (bytes) snapshot=0
		Total committed heap usage (bytes)=1376256000
	File Input Format Counters 
		Bytes Read=1979172
	trg.hadoop.movieDB.RatingMapper$Rating
		rating_ge_3=82520
		rating_lt_3=17480
2016-02-23 02:50:59,037 WARN org.apache.hadoop.util.NativeCodeLoader: Unable to load native-hadoop library for your platform... using builtin-java classes where applicable
2016-02-23 02:50:59,442 WARN org.apache.hadoop.conf.Configuration: session.id is deprecated. Instead, use dfs.metrics.session-id
2016-02-23 02:50:59,443 INFO org.apache.hadoop.metrics.jvm.JvmMetrics: Initializing JVM Metrics with processName=JobTracker, sessionId=
2016-02-23 02:50:59,500 WARN org.apache.hadoop.mapreduce.JobSubmitter: Use GenericOptionsParser for parsing the arguments. Applications should implement Tool for the same.
2016-02-23 02:50:59,503 WARN org.apache.hadoop.mapreduce.JobSubmitter: No job jar file set.  User classes may not be found. See Job or Job#setJar(String).
2016-02-23 02:50:59,517 INFO org.apache.hadoop.mapreduce.lib.input.FileInputFormat: Total input paths to process : 7
2016-02-23 02:50:59,581 INFO org.apache.hadoop.mapreduce.JobSubmitter: number of splits:7
2016-02-23 02:50:59,598 WARN org.apache.hadoop.conf.Configuration: mapred.reduce.tasks is deprecated. Instead, use mapreduce.job.reduces
2016-02-23 02:50:59,599 WARN org.apache.hadoop.conf.Configuration: mapred.output.value.class is deprecated. Instead, use mapreduce.job.output.value.class
2016-02-23 02:50:59,600 WARN org.apache.hadoop.conf.Configuration: mapred.mapoutput.value.class is deprecated. Instead, use mapreduce.map.output.value.class
2016-02-23 02:50:59,601 WARN org.apache.hadoop.conf.Configuration: mapreduce.map.class is deprecated. Instead, use mapreduce.job.map.class
2016-02-23 02:50:59,601 WARN org.apache.hadoop.conf.Configuration: mapred.job.name is deprecated. Instead, use mapreduce.job.name
2016-02-23 02:50:59,601 WARN org.apache.hadoop.conf.Configuration: mapreduce.reduce.class is deprecated. Instead, use mapreduce.job.reduce.class
2016-02-23 02:50:59,601 WARN org.apache.hadoop.conf.Configuration: mapreduce.inputformat.class is deprecated. Instead, use mapreduce.job.inputformat.class
2016-02-23 02:50:59,602 WARN org.apache.hadoop.conf.Configuration: mapred.input.dir is deprecated. Instead, use mapreduce.input.fileinputformat.inputdir
2016-02-23 02:50:59,602 WARN org.apache.hadoop.conf.Configuration: mapred.output.dir is deprecated. Instead, use mapreduce.output.fileoutputformat.outputdir
2016-02-23 02:50:59,602 WARN org.apache.hadoop.conf.Configuration: mapreduce.outputformat.class is deprecated. Instead, use mapreduce.job.outputformat.class
2016-02-23 02:50:59,603 WARN org.apache.hadoop.conf.Configuration: mapred.map.tasks is deprecated. Instead, use mapreduce.job.maps
2016-02-23 02:50:59,603 WARN org.apache.hadoop.conf.Configuration: mapred.output.key.class is deprecated. Instead, use mapreduce.job.output.key.class
2016-02-23 02:50:59,604 WARN org.apache.hadoop.conf.Configuration: mapred.mapoutput.key.class is deprecated. Instead, use mapreduce.map.output.key.class
2016-02-23 02:50:59,605 WARN org.apache.hadoop.conf.Configuration: mapred.working.dir is deprecated. Instead, use mapreduce.job.working.dir
2016-02-23 02:50:59,873 INFO org.apache.hadoop.mapreduce.JobSubmitter: Submitting tokens for job: job_local284871097_0001
2016-02-23 02:51:00,166 INFO org.apache.hadoop.mapreduce.Job: The url to track the job: http://localhost:8080/
2016-02-23 02:51:00,167 INFO org.apache.hadoop.mapreduce.Job: Running job: job_local284871097_0001
2016-02-23 02:51:00,172 INFO org.apache.hadoop.mapred.LocalJobRunner: OutputCommitter set in config null
2016-02-23 02:51:00,190 INFO org.apache.hadoop.mapred.LocalJobRunner: OutputCommitter is org.apache.hadoop.mapreduce.lib.output.FileOutputCommitter
2016-02-23 02:51:00,221 INFO org.apache.hadoop.mapred.LocalJobRunner: Waiting for map tasks
2016-02-23 02:51:00,222 INFO org.apache.hadoop.mapred.LocalJobRunner: Starting task: attempt_local284871097_0001_m_000000_0
2016-02-23 02:51:00,298 INFO org.apache.hadoop.mapred.Task:  Using ResourceCalculatorProcessTree : [ ]
2016-02-23 02:51:00,303 INFO org.apache.hadoop.mapred.MapTask: Processing split: file:/home/trg03/workspace/MapReduce/moviedb/rating03:0+496741
2016-02-23 02:51:00,317 INFO org.apache.hadoop.mapred.MapTask: Map output collector class = org.apache.hadoop.mapred.MapTask$MapOutputBuffer
2016-02-23 02:51:00,356 INFO org.apache.hadoop.mapred.MapTask: (EQUATOR) 0 kvi 26214396(104857584)
2016-02-23 02:51:00,357 INFO org.apache.hadoop.mapred.MapTask: mapreduce.task.io.sort.mb: 100
2016-02-23 02:51:00,357 INFO org.apache.hadoop.mapred.MapTask: soft limit at 83886080
2016-02-23 02:51:00,357 INFO org.apache.hadoop.mapred.MapTask: bufstart = 0; bufvoid = 104857600
2016-02-23 02:51:00,357 INFO org.apache.hadoop.mapred.MapTask: kvstart = 26214396; length = 6553600
2016-02-23 02:51:00,985 INFO org.apache.hadoop.mapred.LocalJobRunner: 
2016-02-23 02:51:00,986 INFO org.apache.hadoop.mapred.MapTask: Starting flush of map output
2016-02-23 02:51:00,986 INFO org.apache.hadoop.mapred.MapTask: Spilling map output
2016-02-23 02:51:00,986 INFO org.apache.hadoop.mapred.MapTask: bufstart = 0; bufend = 197907; bufvoid = 104857600
2016-02-23 02:51:00,986 INFO org.apache.hadoop.mapred.MapTask: kvstart = 26214396(104857584); kvend = 26114400(104457600); length = 99997/6553600
2016-02-23 02:51:01,170 INFO org.apache.hadoop.mapreduce.Job: Job job_local284871097_0001 running in uber mode : false
2016-02-23 02:51:01,172 INFO org.apache.hadoop.mapreduce.Job:  map 0% reduce 0%
2016-02-23 02:51:01,200 INFO org.apache.hadoop.mapred.MapTask: Finished spill 0
2016-02-23 02:51:01,205 INFO org.apache.hadoop.mapred.Task: Task:attempt_local284871097_0001_m_000000_0 is done. And is in the process of committing
2016-02-23 02:51:01,214 INFO org.apache.hadoop.mapred.LocalJobRunner: map
2016-02-23 02:51:01,215 INFO org.apache.hadoop.mapred.Task: Task 'attempt_local284871097_0001_m_000000_0' done.
2016-02-23 02:51:01,215 INFO org.apache.hadoop.mapred.LocalJobRunner: Finishing task: attempt_local284871097_0001_m_000000_0
2016-02-23 02:51:01,215 INFO org.apache.hadoop.mapred.LocalJobRunner: Starting task: attempt_local284871097_0001_m_000001_0
2016-02-23 02:51:01,217 INFO org.apache.hadoop.mapred.Task:  Using ResourceCalculatorProcessTree : [ ]
2016-02-23 02:51:01,219 INFO org.apache.hadoop.mapred.MapTask: Processing split: file:/home/trg03/workspace/MapReduce/moviedb/rating02:0+496357
2016-02-23 02:51:01,220 INFO org.apache.hadoop.mapred.MapTask: Map output collector class = org.apache.hadoop.mapred.MapTask$MapOutputBuffer
2016-02-23 02:51:01,251 INFO org.apache.hadoop.mapred.MapTask: (EQUATOR) 0 kvi 26214396(104857584)
2016-02-23 02:51:01,251 INFO org.apache.hadoop.mapred.MapTask: mapreduce.task.io.sort.mb: 100
2016-02-23 02:51:01,251 INFO org.apache.hadoop.mapred.MapTask: soft limit at 83886080
2016-02-23 02:51:01,251 INFO org.apache.hadoop.mapred.MapTask: bufstart = 0; bufvoid = 104857600
2016-02-23 02:51:01,251 INFO org.apache.hadoop.mapred.MapTask: kvstart = 26214396; length = 6553600
2016-02-23 02:51:01,329 INFO org.apache.hadoop.mapred.LocalJobRunner: 
2016-02-23 02:51:01,329 INFO org.apache.hadoop.mapred.MapTask: Starting flush of map output
2016-02-23 02:51:01,329 INFO org.apache.hadoop.mapred.MapTask: Spilling map output
2016-02-23 02:51:01,329 INFO org.apache.hadoop.mapred.MapTask: bufstart = 0; bufend = 197803; bufvoid = 104857600
2016-02-23 02:51:01,329 INFO org.apache.hadoop.mapred.MapTask: kvstart = 26214396(104857584); kvend = 26114400(104457600); length = 99997/6553600
2016-02-23 02:51:01,379 INFO org.apache.hadoop.mapred.MapTask: Finished spill 0
2016-02-23 02:51:01,382 INFO org.apache.hadoop.mapred.Task: Task:attempt_local284871097_0001_m_000001_0 is done. And is in the process of committing
2016-02-23 02:51:01,384 INFO org.apache.hadoop.mapred.LocalJobRunner: map
2016-02-23 02:51:01,384 INFO org.apache.hadoop.mapred.Task: Task 'attempt_local284871097_0001_m_000001_0' done.
2016-02-23 02:51:01,384 INFO org.apache.hadoop.mapred.LocalJobRunner: Finishing task: attempt_local284871097_0001_m_000001_0
2016-02-23 02:51:01,384 INFO org.apache.hadoop.mapred.LocalJobRunner: Starting task: attempt_local284871097_0001_m_000002_0
2016-02-23 02:51:01,386 INFO org.apache.hadoop.mapred.Task:  Using ResourceCalculatorProcessTree : [ ]
2016-02-23 02:51:01,387 INFO org.apache.hadoop.mapred.MapTask: Processing split: file:/home/trg03/workspace/MapReduce/moviedb/rating01:0+494902
2016-02-23 02:51:01,388 INFO org.apache.hadoop.mapred.MapTask: Map output collector class = org.apache.hadoop.mapred.MapTask$MapOutputBuffer
2016-02-23 02:51:01,418 INFO org.apache.hadoop.mapred.MapTask: (EQUATOR) 0 kvi 26214396(104857584)
2016-02-23 02:51:01,418 INFO org.apache.hadoop.mapred.MapTask: mapreduce.task.io.sort.mb: 100
2016-02-23 02:51:01,418 INFO org.apache.hadoop.mapred.MapTask: soft limit at 83886080
2016-02-23 02:51:01,418 INFO org.apache.hadoop.mapred.MapTask: bufstart = 0; bufvoid = 104857600
2016-02-23 02:51:01,418 INFO org.apache.hadoop.mapred.MapTask: kvstart = 26214396; length = 6553600
2016-02-23 02:51:01,468 INFO org.apache.hadoop.mapred.LocalJobRunner: 
2016-02-23 02:51:01,468 INFO org.apache.hadoop.mapred.MapTask: Starting flush of map output
2016-02-23 02:51:01,468 INFO org.apache.hadoop.mapred.MapTask: Spilling map output
2016-02-23 02:51:01,469 INFO org.apache.hadoop.mapred.MapTask: bufstart = 0; bufend = 197923; bufvoid = 104857600
2016-02-23 02:51:01,469 INFO org.apache.hadoop.mapred.MapTask: kvstart = 26214396(104857584); kvend = 26114400(104457600); length = 99997/6553600
2016-02-23 02:51:01,503 INFO org.apache.hadoop.mapred.MapTask: Finished spill 0
2016-02-23 02:51:01,505 INFO org.apache.hadoop.mapred.Task: Task:attempt_local284871097_0001_m_000002_0 is done. And is in the process of committing
2016-02-23 02:51:01,507 INFO org.apache.hadoop.mapred.LocalJobRunner: map
2016-02-23 02:51:01,507 INFO org.apache.hadoop.mapred.Task: Task 'attempt_local284871097_0001_m_000002_0' done.
2016-02-23 02:51:01,507 INFO org.apache.hadoop.mapred.LocalJobRunner: Finishing task: attempt_local284871097_0001_m_000002_0
2016-02-23 02:51:01,508 INFO org.apache.hadoop.mapred.LocalJobRunner: Starting task: attempt_local284871097_0001_m_000003_0
2016-02-23 02:51:01,509 INFO org.apache.hadoop.mapred.Task:  Using ResourceCalculatorProcessTree : [ ]
2016-02-23 02:51:01,511 INFO org.apache.hadoop.mapred.MapTask: Processing split: file:/home/trg03/workspace/MapReduce/moviedb/rating00:0+491172
2016-02-23 02:51:01,512 INFO org.apache.hadoop.mapred.MapTask: Map output collector class = org.apache.hadoop.mapred.MapTask$MapOutputBuffer
2016-02-23 02:51:01,542 INFO org.apache.hadoop.mapred.MapTask: (EQUATOR) 0 kvi 26214396(104857584)
2016-02-23 02:51:01,542 INFO org.apache.hadoop.mapred.MapTask: mapreduce.task.io.sort.mb: 100
2016-02-23 02:51:01,542 INFO org.apache.hadoop.mapred.MapTask: soft limit at 83886080
2016-02-23 02:51:01,542 INFO org.apache.hadoop.mapred.MapTask: bufstart = 0; bufvoid = 104857600
2016-02-23 02:51:01,543 INFO org.apache.hadoop.mapred.MapTask: kvstart = 26214396; length = 6553600
2016-02-23 02:51:01,597 INFO org.apache.hadoop.mapred.LocalJobRunner: 
2016-02-23 02:51:01,597 INFO org.apache.hadoop.mapred.MapTask: Starting flush of map output
2016-02-23 02:51:01,597 INFO org.apache.hadoop.mapred.MapTask: Spilling map output
2016-02-23 02:51:01,597 INFO org.apache.hadoop.mapred.MapTask: bufstart = 0; bufend = 197782; bufvoid = 104857600
2016-02-23 02:51:01,597 INFO org.apache.hadoop.mapred.MapTask: kvstart = 26214396(104857584); kvend = 26114400(104457600); length = 99997/6553600
2016-02-23 02:51:01,630 INFO org.apache.hadoop.mapred.MapTask: Finished spill 0
2016-02-23 02:51:01,634 INFO org.apache.hadoop.mapred.Task: Task:attempt_local284871097_0001_m_000003_0 is done. And is in the process of committing
2016-02-23 02:51:01,636 INFO org.apache.hadoop.mapred.LocalJobRunner: map
2016-02-23 02:51:01,636 INFO org.apache.hadoop.mapred.Task: Task 'attempt_local284871097_0001_m_000003_0' done.
2016-02-23 02:51:01,636 INFO org.apache.hadoop.mapred.LocalJobRunner: Finishing task: attempt_local284871097_0001_m_000003_0
2016-02-23 02:51:01,636 INFO org.apache.hadoop.mapred.LocalJobRunner: Starting task: attempt_local284871097_0001_m_000004_0
2016-02-23 02:51:01,638 INFO org.apache.hadoop.mapred.Task:  Using ResourceCalculatorProcessTree : [ ]
2016-02-23 02:51:01,640 INFO org.apache.hadoop.mapred.MapTask: Processing split: file:/home/trg03/workspace/MapReduce/moviedb/u.item:0+236344
2016-02-23 02:51:01,641 INFO org.apache.hadoop.mapred.MapTask: Map output collector class = org.apache.hadoop.mapred.MapTask$MapOutputBuffer
2016-02-23 02:51:01,737 INFO org.apache.hadoop.mapred.MapTask: (EQUATOR) 0 kvi 26214396(104857584)
2016-02-23 02:51:01,738 INFO org.apache.hadoop.mapred.MapTask: mapreduce.task.io.sort.mb: 100
2016-02-23 02:51:01,738 INFO org.apache.hadoop.mapred.MapTask: soft limit at 83886080
2016-02-23 02:51:01,738 INFO org.apache.hadoop.mapred.MapTask: bufstart = 0; bufvoid = 104857600
2016-02-23 02:51:01,738 INFO org.apache.hadoop.mapred.MapTask: kvstart = 26214396; length = 6553600
2016-02-23 02:51:01,741 INFO org.apache.hadoop.mapred.LocalJobRunner: Starting task: attempt_local284871097_0001_m_000005_0
2016-02-23 02:51:01,743 INFO org.apache.hadoop.mapred.Task:  Using ResourceCalculatorProcessTree : [ ]
2016-02-23 02:51:01,750 INFO org.apache.hadoop.mapred.MapTask: Processing split: file:/home/trg03/workspace/MapReduce/moviedb/u.user:0+22627
2016-02-23 02:51:01,751 INFO org.apache.hadoop.mapred.MapTask: Map output collector class = org.apache.hadoop.mapred.MapTask$MapOutputBuffer
2016-02-23 02:51:02,023 INFO org.apache.hadoop.mapred.MapTask: (EQUATOR) 0 kvi 26214396(104857584)
2016-02-23 02:51:02,023 INFO org.apache.hadoop.mapred.MapTask: mapreduce.task.io.sort.mb: 100
2016-02-23 02:51:02,023 INFO org.apache.hadoop.mapred.MapTask: soft limit at 83886080
2016-02-23 02:51:02,023 INFO org.apache.hadoop.mapred.MapTask: bufstart = 0; bufvoid = 104857600
2016-02-23 02:51:02,024 INFO org.apache.hadoop.mapred.MapTask: kvstart = 26214396; length = 6553600
2016-02-23 02:51:02,026 INFO org.apache.hadoop.mapred.LocalJobRunner: Starting task: attempt_local284871097_0001_m_000006_0
2016-02-23 02:51:02,028 INFO org.apache.hadoop.mapred.Task:  Using ResourceCalculatorProcessTree : [ ]
2016-02-23 02:51:02,030 INFO org.apache.hadoop.mapred.MapTask: Processing split: file:/home/trg03/workspace/MapReduce/moviedb/u.genre:0+202
2016-02-23 02:51:02,031 INFO org.apache.hadoop.mapred.MapTask: Map output collector class = org.apache.hadoop.mapred.MapTask$MapOutputBuffer
2016-02-23 02:51:02,235 INFO org.apache.hadoop.mapreduce.Job:  map 100% reduce 0%
2016-02-23 02:51:02,261 INFO org.apache.hadoop.mapred.MapTask: (EQUATOR) 0 kvi 26214396(104857584)
2016-02-23 02:51:02,261 INFO org.apache.hadoop.mapred.MapTask: mapreduce.task.io.sort.mb: 100
2016-02-23 02:51:02,261 INFO org.apache.hadoop.mapred.MapTask: soft limit at 83886080
2016-02-23 02:51:02,261 INFO org.apache.hadoop.mapred.MapTask: bufstart = 0; bufvoid = 104857600
2016-02-23 02:51:02,262 INFO org.apache.hadoop.mapred.MapTask: kvstart = 26214396; length = 6553600
2016-02-23 02:51:02,266 INFO org.apache.hadoop.mapred.LocalJobRunner: Map task executor complete.
2016-02-23 02:51:02,268 WARN org.apache.hadoop.mapred.LocalJobRunner: job_local284871097_0001
java.lang.Exception: java.lang.ArrayIndexOutOfBoundsException: 1
	at org.apache.hadoop.mapred.LocalJobRunner$Job.run(LocalJobRunner.java:401)
Caused by: java.lang.ArrayIndexOutOfBoundsException: 1
	at trg.hadoop.movieDB.RatingMapper.map(RatingMapper.java:27)
	at trg.hadoop.movieDB.RatingMapper.map(RatingMapper.java:1)
	at org.apache.hadoop.mapreduce.Mapper.run(Mapper.java:144)
	at org.apache.hadoop.mapred.MapTask.runNewMapper(MapTask.java:756)
	at org.apache.hadoop.mapred.MapTask.run(MapTask.java:338)
	at org.apache.hadoop.mapred.LocalJobRunner$Job$MapTaskRunnable.run(LocalJobRunner.java:233)
	at java.util.concurrent.Executors$RunnableAdapter.call(Executors.java:471)
	at java.util.concurrent.FutureTask.run(FutureTask.java:262)
	at java.util.concurrent.ThreadPoolExecutor.runWorker(ThreadPoolExecutor.java:1145)
	at java.util.concurrent.ThreadPoolExecutor$Worker.run(ThreadPoolExecutor.java:615)
	at java.lang.Thread.run(Thread.java:745)
2016-02-23 02:51:03,236 INFO org.apache.hadoop.mapreduce.Job: Job job_local284871097_0001 failed with state FAILED due to: NA
2016-02-23 02:51:03,267 INFO org.apache.hadoop.mapreduce.Job: Counters: 22
	File System Counters
		FILE: Number of bytes read=4966011
		FILE: Number of bytes written=3169633
		FILE: Number of read operations=0
		FILE: Number of large read operations=0
		FILE: Number of write operations=0
	Map-Reduce Framework
		Map input records=100000
		Map output records=100000
		Map output bytes=791415
		Map output materialized bytes=991439
		Input split bytes=472
		Combine input records=0
		Spilled Records=100000
		Failed Shuffles=0
		Merged Map outputs=0
		GC time elapsed (ms)=20
		CPU time spent (ms)=0
		Physical memory (bytes) snapshot=0
		Virtual memory (bytes) snapshot=0
		Total committed heap usage (bytes)=1421869056
	File Input Format Counters 
		Bytes Read=1979172
	trg.hadoop.movieDB.RatingMapper$Rating
		rating_ge_3=82520
		rating_lt_3=17480
2016-02-23 02:54:26,975 WARN org.apache.hadoop.util.NativeCodeLoader: Unable to load native-hadoop library for your platform... using builtin-java classes where applicable
2016-02-23 02:54:27,383 WARN org.apache.hadoop.conf.Configuration: session.id is deprecated. Instead, use dfs.metrics.session-id
2016-02-23 02:54:27,385 INFO org.apache.hadoop.metrics.jvm.JvmMetrics: Initializing JVM Metrics with processName=JobTracker, sessionId=
2016-02-23 02:54:27,440 WARN org.apache.hadoop.mapreduce.JobSubmitter: Use GenericOptionsParser for parsing the arguments. Applications should implement Tool for the same.
2016-02-23 02:54:27,444 WARN org.apache.hadoop.mapreduce.JobSubmitter: No job jar file set.  User classes may not be found. See Job or Job#setJar(String).
2016-02-23 02:54:27,461 INFO org.apache.hadoop.mapreduce.lib.input.FileInputFormat: Total input paths to process : 4
2016-02-23 02:54:27,523 INFO org.apache.hadoop.mapreduce.JobSubmitter: number of splits:4
2016-02-23 02:54:27,539 WARN org.apache.hadoop.conf.Configuration: mapred.reduce.tasks is deprecated. Instead, use mapreduce.job.reduces
2016-02-23 02:54:27,540 WARN org.apache.hadoop.conf.Configuration: mapred.output.value.class is deprecated. Instead, use mapreduce.job.output.value.class
2016-02-23 02:54:27,541 WARN org.apache.hadoop.conf.Configuration: mapred.mapoutput.value.class is deprecated. Instead, use mapreduce.map.output.value.class
2016-02-23 02:54:27,542 WARN org.apache.hadoop.conf.Configuration: mapreduce.map.class is deprecated. Instead, use mapreduce.job.map.class
2016-02-23 02:54:27,542 WARN org.apache.hadoop.conf.Configuration: mapred.job.name is deprecated. Instead, use mapreduce.job.name
2016-02-23 02:54:27,542 WARN org.apache.hadoop.conf.Configuration: mapreduce.reduce.class is deprecated. Instead, use mapreduce.job.reduce.class
2016-02-23 02:54:27,543 WARN org.apache.hadoop.conf.Configuration: mapreduce.inputformat.class is deprecated. Instead, use mapreduce.job.inputformat.class
2016-02-23 02:54:27,543 WARN org.apache.hadoop.conf.Configuration: mapred.input.dir is deprecated. Instead, use mapreduce.input.fileinputformat.inputdir
2016-02-23 02:54:27,543 WARN org.apache.hadoop.conf.Configuration: mapred.output.dir is deprecated. Instead, use mapreduce.output.fileoutputformat.outputdir
2016-02-23 02:54:27,544 WARN org.apache.hadoop.conf.Configuration: mapreduce.outputformat.class is deprecated. Instead, use mapreduce.job.outputformat.class
2016-02-23 02:54:27,544 WARN org.apache.hadoop.conf.Configuration: mapred.map.tasks is deprecated. Instead, use mapreduce.job.maps
2016-02-23 02:54:27,545 WARN org.apache.hadoop.conf.Configuration: mapred.output.key.class is deprecated. Instead, use mapreduce.job.output.key.class
2016-02-23 02:54:27,546 WARN org.apache.hadoop.conf.Configuration: mapred.mapoutput.key.class is deprecated. Instead, use mapreduce.map.output.key.class
2016-02-23 02:54:27,546 WARN org.apache.hadoop.conf.Configuration: mapred.working.dir is deprecated. Instead, use mapreduce.job.working.dir
2016-02-23 02:54:27,771 INFO org.apache.hadoop.mapreduce.JobSubmitter: Submitting tokens for job: job_local309250193_0001
2016-02-23 02:54:28,057 INFO org.apache.hadoop.mapreduce.Job: The url to track the job: http://localhost:8080/
2016-02-23 02:54:28,059 INFO org.apache.hadoop.mapreduce.Job: Running job: job_local309250193_0001
2016-02-23 02:54:28,060 INFO org.apache.hadoop.mapred.LocalJobRunner: OutputCommitter set in config null
2016-02-23 02:54:28,069 INFO org.apache.hadoop.mapred.LocalJobRunner: OutputCommitter is org.apache.hadoop.mapreduce.lib.output.FileOutputCommitter
2016-02-23 02:54:28,084 INFO org.apache.hadoop.mapred.LocalJobRunner: Waiting for map tasks
2016-02-23 02:54:28,084 INFO org.apache.hadoop.mapred.LocalJobRunner: Starting task: attempt_local309250193_0001_m_000000_0
2016-02-23 02:54:28,132 INFO org.apache.hadoop.mapred.Task:  Using ResourceCalculatorProcessTree : [ ]
2016-02-23 02:54:28,136 INFO org.apache.hadoop.mapred.MapTask: Processing split: file:/home/trg03/workspace/MapReduce/moviedb/rating03:0+496741
2016-02-23 02:54:28,153 INFO org.apache.hadoop.mapred.MapTask: Map output collector class = org.apache.hadoop.mapred.MapTask$MapOutputBuffer
2016-02-23 02:54:28,209 INFO org.apache.hadoop.mapred.MapTask: (EQUATOR) 0 kvi 26214396(104857584)
2016-02-23 02:54:28,210 INFO org.apache.hadoop.mapred.MapTask: mapreduce.task.io.sort.mb: 100
2016-02-23 02:54:28,210 INFO org.apache.hadoop.mapred.MapTask: soft limit at 83886080
2016-02-23 02:54:28,210 INFO org.apache.hadoop.mapred.MapTask: bufstart = 0; bufvoid = 104857600
2016-02-23 02:54:28,210 INFO org.apache.hadoop.mapred.MapTask: kvstart = 26214396; length = 6553600
2016-02-23 02:54:28,842 INFO org.apache.hadoop.mapred.LocalJobRunner: 
2016-02-23 02:54:28,842 INFO org.apache.hadoop.mapred.MapTask: Starting flush of map output
2016-02-23 02:54:28,842 INFO org.apache.hadoop.mapred.MapTask: Spilling map output
2016-02-23 02:54:28,842 INFO org.apache.hadoop.mapred.MapTask: bufstart = 0; bufend = 197907; bufvoid = 104857600
2016-02-23 02:54:28,843 INFO org.apache.hadoop.mapred.MapTask: kvstart = 26214396(104857584); kvend = 26114400(104457600); length = 99997/6553600
2016-02-23 02:54:29,029 INFO org.apache.hadoop.mapred.MapTask: Finished spill 0
2016-02-23 02:54:29,032 INFO org.apache.hadoop.mapred.Task: Task:attempt_local309250193_0001_m_000000_0 is done. And is in the process of committing
2016-02-23 02:54:29,041 INFO org.apache.hadoop.mapred.LocalJobRunner: map
2016-02-23 02:54:29,041 INFO org.apache.hadoop.mapred.Task: Task 'attempt_local309250193_0001_m_000000_0' done.
2016-02-23 02:54:29,041 INFO org.apache.hadoop.mapred.LocalJobRunner: Finishing task: attempt_local309250193_0001_m_000000_0
2016-02-23 02:54:29,042 INFO org.apache.hadoop.mapred.LocalJobRunner: Starting task: attempt_local309250193_0001_m_000001_0
2016-02-23 02:54:29,044 INFO org.apache.hadoop.mapred.Task:  Using ResourceCalculatorProcessTree : [ ]
2016-02-23 02:54:29,045 INFO org.apache.hadoop.mapred.MapTask: Processing split: file:/home/trg03/workspace/MapReduce/moviedb/rating02:0+496357
2016-02-23 02:54:29,046 INFO org.apache.hadoop.mapred.MapTask: Map output collector class = org.apache.hadoop.mapred.MapTask$MapOutputBuffer
2016-02-23 02:54:29,062 INFO org.apache.hadoop.mapreduce.Job: Job job_local309250193_0001 running in uber mode : false
2016-02-23 02:54:29,065 INFO org.apache.hadoop.mapreduce.Job:  map 100% reduce 0%
2016-02-23 02:54:29,090 INFO org.apache.hadoop.mapred.MapTask: (EQUATOR) 0 kvi 26214396(104857584)
2016-02-23 02:54:29,090 INFO org.apache.hadoop.mapred.MapTask: mapreduce.task.io.sort.mb: 100
2016-02-23 02:54:29,092 INFO org.apache.hadoop.mapred.MapTask: soft limit at 83886080
2016-02-23 02:54:29,092 INFO org.apache.hadoop.mapred.MapTask: bufstart = 0; bufvoid = 104857600
2016-02-23 02:54:29,092 INFO org.apache.hadoop.mapred.MapTask: kvstart = 26214396; length = 6553600
2016-02-23 02:54:29,159 INFO org.apache.hadoop.mapred.LocalJobRunner: 
2016-02-23 02:54:29,159 INFO org.apache.hadoop.mapred.MapTask: Starting flush of map output
2016-02-23 02:54:29,159 INFO org.apache.hadoop.mapred.MapTask: Spilling map output
2016-02-23 02:54:29,159 INFO org.apache.hadoop.mapred.MapTask: bufstart = 0; bufend = 197803; bufvoid = 104857600
2016-02-23 02:54:29,159 INFO org.apache.hadoop.mapred.MapTask: kvstart = 26214396(104857584); kvend = 26114400(104457600); length = 99997/6553600
2016-02-23 02:54:29,194 INFO org.apache.hadoop.mapred.MapTask: Finished spill 0
2016-02-23 02:54:29,197 INFO org.apache.hadoop.mapred.Task: Task:attempt_local309250193_0001_m_000001_0 is done. And is in the process of committing
2016-02-23 02:54:29,199 INFO org.apache.hadoop.mapred.LocalJobRunner: map
2016-02-23 02:54:29,199 INFO org.apache.hadoop.mapred.Task: Task 'attempt_local309250193_0001_m_000001_0' done.
2016-02-23 02:54:29,199 INFO org.apache.hadoop.mapred.LocalJobRunner: Finishing task: attempt_local309250193_0001_m_000001_0
2016-02-23 02:54:29,199 INFO org.apache.hadoop.mapred.LocalJobRunner: Starting task: attempt_local309250193_0001_m_000002_0
2016-02-23 02:54:29,202 INFO org.apache.hadoop.mapred.Task:  Using ResourceCalculatorProcessTree : [ ]
2016-02-23 02:54:29,204 INFO org.apache.hadoop.mapred.MapTask: Processing split: file:/home/trg03/workspace/MapReduce/moviedb/rating01:0+494902
2016-02-23 02:54:29,204 INFO org.apache.hadoop.mapred.MapTask: Map output collector class = org.apache.hadoop.mapred.MapTask$MapOutputBuffer
2016-02-23 02:54:29,240 INFO org.apache.hadoop.mapred.MapTask: (EQUATOR) 0 kvi 26214396(104857584)
2016-02-23 02:54:29,240 INFO org.apache.hadoop.mapred.MapTask: mapreduce.task.io.sort.mb: 100
2016-02-23 02:54:29,240 INFO org.apache.hadoop.mapred.MapTask: soft limit at 83886080
2016-02-23 02:54:29,240 INFO org.apache.hadoop.mapred.MapTask: bufstart = 0; bufvoid = 104857600
2016-02-23 02:54:29,240 INFO org.apache.hadoop.mapred.MapTask: kvstart = 26214396; length = 6553600
2016-02-23 02:54:29,287 INFO org.apache.hadoop.mapred.LocalJobRunner: 
2016-02-23 02:54:29,287 INFO org.apache.hadoop.mapred.MapTask: Starting flush of map output
2016-02-23 02:54:29,288 INFO org.apache.hadoop.mapred.MapTask: Spilling map output
2016-02-23 02:54:29,288 INFO org.apache.hadoop.mapred.MapTask: bufstart = 0; bufend = 197923; bufvoid = 104857600
2016-02-23 02:54:29,288 INFO org.apache.hadoop.mapred.MapTask: kvstart = 26214396(104857584); kvend = 26114400(104457600); length = 99997/6553600
2016-02-23 02:54:29,321 INFO org.apache.hadoop.mapred.MapTask: Finished spill 0
2016-02-23 02:54:29,324 INFO org.apache.hadoop.mapred.Task: Task:attempt_local309250193_0001_m_000002_0 is done. And is in the process of committing
2016-02-23 02:54:29,325 INFO org.apache.hadoop.mapred.LocalJobRunner: map
2016-02-23 02:54:29,326 INFO org.apache.hadoop.mapred.Task: Task 'attempt_local309250193_0001_m_000002_0' done.
2016-02-23 02:54:29,326 INFO org.apache.hadoop.mapred.LocalJobRunner: Finishing task: attempt_local309250193_0001_m_000002_0
2016-02-23 02:54:29,326 INFO org.apache.hadoop.mapred.LocalJobRunner: Starting task: attempt_local309250193_0001_m_000003_0
2016-02-23 02:54:29,328 INFO org.apache.hadoop.mapred.Task:  Using ResourceCalculatorProcessTree : [ ]
2016-02-23 02:54:29,329 INFO org.apache.hadoop.mapred.MapTask: Processing split: file:/home/trg03/workspace/MapReduce/moviedb/rating00:0+491172
2016-02-23 02:54:29,330 INFO org.apache.hadoop.mapred.MapTask: Map output collector class = org.apache.hadoop.mapred.MapTask$MapOutputBuffer
2016-02-23 02:54:29,379 INFO org.apache.hadoop.mapred.MapTask: (EQUATOR) 0 kvi 26214396(104857584)
2016-02-23 02:54:29,379 INFO org.apache.hadoop.mapred.MapTask: mapreduce.task.io.sort.mb: 100
2016-02-23 02:54:29,379 INFO org.apache.hadoop.mapred.MapTask: soft limit at 83886080
2016-02-23 02:54:29,379 INFO org.apache.hadoop.mapred.MapTask: bufstart = 0; bufvoid = 104857600
2016-02-23 02:54:29,379 INFO org.apache.hadoop.mapred.MapTask: kvstart = 26214396; length = 6553600
2016-02-23 02:54:29,430 INFO org.apache.hadoop.mapred.LocalJobRunner: 
2016-02-23 02:54:29,431 INFO org.apache.hadoop.mapred.MapTask: Starting flush of map output
2016-02-23 02:54:29,431 INFO org.apache.hadoop.mapred.MapTask: Spilling map output
2016-02-23 02:54:29,431 INFO org.apache.hadoop.mapred.MapTask: bufstart = 0; bufend = 197782; bufvoid = 104857600
2016-02-23 02:54:29,431 INFO org.apache.hadoop.mapred.MapTask: kvstart = 26214396(104857584); kvend = 26114400(104457600); length = 99997/6553600
2016-02-23 02:54:29,463 INFO org.apache.hadoop.mapred.MapTask: Finished spill 0
2016-02-23 02:54:29,465 INFO org.apache.hadoop.mapred.Task: Task:attempt_local309250193_0001_m_000003_0 is done. And is in the process of committing
2016-02-23 02:54:29,467 INFO org.apache.hadoop.mapred.LocalJobRunner: map
2016-02-23 02:54:29,467 INFO org.apache.hadoop.mapred.Task: Task 'attempt_local309250193_0001_m_000003_0' done.
2016-02-23 02:54:29,467 INFO org.apache.hadoop.mapred.LocalJobRunner: Finishing task: attempt_local309250193_0001_m_000003_0
2016-02-23 02:54:29,468 INFO org.apache.hadoop.mapred.LocalJobRunner: Map task executor complete.
2016-02-23 02:54:29,495 INFO org.apache.hadoop.mapred.Task:  Using ResourceCalculatorProcessTree : [ ]
2016-02-23 02:54:29,502 INFO org.apache.hadoop.mapred.Merger: Merging 4 sorted segments
2016-02-23 02:54:29,509 INFO org.apache.hadoop.mapred.Merger: Down to the last merge-pass, with 4 segments left of total size: 991407 bytes
2016-02-23 02:54:29,509 INFO org.apache.hadoop.mapred.LocalJobRunner: 
2016-02-23 02:54:29,517 WARN org.apache.hadoop.conf.Configuration: mapred.skip.on is deprecated. Instead, use mapreduce.job.skiprecords
2016-02-23 02:54:29,951 INFO org.apache.hadoop.mapred.Task: Task:attempt_local309250193_0001_r_000000_0 is done. And is in the process of committing
2016-02-23 02:54:29,952 INFO org.apache.hadoop.mapred.LocalJobRunner: 
2016-02-23 02:54:29,952 INFO org.apache.hadoop.mapred.Task: Task attempt_local309250193_0001_r_000000_0 is allowed to commit now
2016-02-23 02:54:29,953 INFO org.apache.hadoop.mapreduce.lib.output.FileOutputCommitter: Saved output of task 'attempt_local309250193_0001_r_000000_0' to file:/home/trg03/workspace/MapReduce/movieout2/_temporary/0/task_local309250193_0001_r_000000
2016-02-23 02:54:29,954 INFO org.apache.hadoop.mapred.LocalJobRunner: reduce > reduce
2016-02-23 02:54:29,954 INFO org.apache.hadoop.mapred.Task: Task 'attempt_local309250193_0001_r_000000_0' done.
2016-02-23 02:54:30,070 INFO org.apache.hadoop.mapreduce.Job:  map 100% reduce 100%
2016-02-23 02:54:30,070 INFO org.apache.hadoop.mapreduce.Job: Job job_local309250193_0001 completed successfully
2016-02-23 02:54:30,092 INFO org.apache.hadoop.mapreduce.Job: Counters: 29
	File System Counters
		FILE: Number of bytes read=7934941
		FILE: Number of bytes written=4357534
		FILE: Number of read operations=0
		FILE: Number of large read operations=0
		FILE: Number of write operations=0
	Map-Reduce Framework
		Map input records=100000
		Map output records=100000
		Map output bytes=791415
		Map output materialized bytes=991439
		Input split bytes=472
		Combine input records=0
		Combine output records=0
		Reduce input groups=1682
		Reduce shuffle bytes=0
		Reduce input records=100000
		Reduce output records=1682
		Spilled Records=200000
		Shuffled Maps =0
		Failed Shuffles=0
		Merged Map outputs=0
		GC time elapsed (ms)=17
		CPU time spent (ms)=0
		Physical memory (bytes) snapshot=0
		Virtual memory (bytes) snapshot=0
		Total committed heap usage (bytes)=1951924224
	File Input Format Counters 
		Bytes Read=1979172
	File Output Format Counters 
		Bytes Written=25587
	trg.hadoop.movieDB.RatingMapper$Rating
		rating_ge_3=82520
		rating_lt_3=17480
